c:\users\soniya\desktop\r_v11\application\x64\debug\vc141.pdb
c:\users\soniya\desktop\r_v11\application\x64\debug\vc141.idb
c:\users\soniya\desktop\r_v11\application\x64\debug\randomnumber.obj
c:\users\soniya\desktop\r_v11\application\x64\debug\multicast.obj
c:\users\soniya\desktop\r_v11\application\x64\debug\encryption.obj
c:\users\soniya\desktop\r_v11\application\x64\debug\emulation_application.obj
c:\users\soniya\desktop\r_v11\application\x64\debug\distribution.obj
c:\users\soniya\desktop\r_v11\application\x64\debug\des_run.obj
c:\users\soniya\desktop\r_v11\application\x64\debug\des.obj
c:\users\soniya\desktop\r_v11\application\x64\debug\database_ftp_custom.obj
c:\users\soniya\desktop\r_v11\application\x64\debug\coap.obj
c:\users\soniya\desktop\r_v11\application\x64\debug\bsm.obj
c:\users\soniya\desktop\r_v11\application\x64\debug\application.obj
c:\users\soniya\desktop\r_v11\application\x64\debug\aes_run.obj
c:\users\soniya\desktop\r_v11\application\x64\debug\aes.obj
c:\users\soniya\desktop\r_v11\application\x64\debug\application.tlog\cl.command.1.tlog
c:\users\soniya\desktop\r_v11\application\x64\debug\application.tlog\cl.read.1.tlog
c:\users\soniya\desktop\r_v11\application\x64\debug\application.tlog\cl.write.1.tlog
c:\users\soniya\desktop\r_v11\application\x64\debug\application.tlog\link.6176.delete.1.tlog
c:\users\soniya\desktop\r_v11\application\x64\debug\application.tlog\link.6176.read.1.tlog
c:\users\soniya\desktop\r_v11\application\x64\debug\application.tlog\link.6176.write.1.tlog
c:\users\soniya\desktop\r_v11\application\x64\debug\application.tlog\link.command.1.tlog
c:\users\soniya\desktop\r_v11\application\x64\debug\application.tlog\link.read.1.tlog
c:\users\soniya\desktop\r_v11\application\x64\debug\application.tlog\link.write.1.tlog
