c:\users\soniya\desktop\rebroadcasting_in_vanet_v11\code\dll\libapplication.lib
c:\users\soniya\desktop\rebroadcasting_in_vanet_v11\code\dll\libapplication.exp
c:\users\soniya\desktop\rebroadcasting_in_vanet_v11\code\application\x64\debug\vc141.pdb
c:\users\soniya\desktop\rebroadcasting_in_vanet_v11\code\application\x64\debug\vc141.idb
c:\users\soniya\desktop\rebroadcasting_in_vanet_v11\code\application\x64\debug\rebroadcast.obj
c:\users\soniya\desktop\rebroadcasting_in_vanet_v11\code\application\x64\debug\randomnumber.obj
c:\users\soniya\desktop\rebroadcasting_in_vanet_v11\code\application\x64\debug\multicast.obj
c:\users\soniya\desktop\rebroadcasting_in_vanet_v11\code\application\x64\debug\encryption.obj
c:\users\soniya\desktop\rebroadcasting_in_vanet_v11\code\application\x64\debug\emulation_application.obj
c:\users\soniya\desktop\rebroadcasting_in_vanet_v11\code\application\x64\debug\distribution.obj
c:\users\soniya\desktop\rebroadcasting_in_vanet_v11\code\application\x64\debug\des_run.obj
c:\users\soniya\desktop\rebroadcasting_in_vanet_v11\code\application\x64\debug\des.obj
c:\users\soniya\desktop\rebroadcasting_in_vanet_v11\code\application\x64\debug\database_ftp_custom.obj
c:\users\soniya\desktop\rebroadcasting_in_vanet_v11\code\application\x64\debug\coap.obj
c:\users\soniya\desktop\rebroadcasting_in_vanet_v11\code\application\x64\debug\bsm.obj
c:\users\soniya\desktop\rebroadcasting_in_vanet_v11\code\application\x64\debug\application.obj
c:\users\soniya\desktop\rebroadcasting_in_vanet_v11\code\application\x64\debug\aes_run.obj
c:\users\soniya\desktop\rebroadcasting_in_vanet_v11\code\application\x64\debug\aes.obj
c:\users\soniya\desktop\rebroadcasting_in_vanet_v11\code\dll\libapplication.dll
c:\users\soniya\desktop\rebroadcasting_in_vanet_v11\code\dll\libapplication.pdb
c:\users\user\downloads\rebroadcasting_in_vanet_v11\code\application\x64\debug\aes.obj
c:\users\user\downloads\rebroadcasting_in_vanet_v11\code\application\x64\debug\aes_run.obj
c:\users\user\downloads\rebroadcasting_in_vanet_v11\code\application\x64\debug\application.obj
c:\users\user\downloads\rebroadcasting_in_vanet_v11\code\application\x64\debug\bsm.obj
c:\users\user\downloads\rebroadcasting_in_vanet_v11\code\application\x64\debug\coap.obj
c:\users\user\downloads\rebroadcasting_in_vanet_v11\code\application\x64\debug\database_ftp_custom.obj
c:\users\user\downloads\rebroadcasting_in_vanet_v11\code\application\x64\debug\des.obj
c:\users\user\downloads\rebroadcasting_in_vanet_v11\code\application\x64\debug\des_run.obj
c:\users\user\downloads\rebroadcasting_in_vanet_v11\code\application\x64\debug\distribution.obj
c:\users\user\downloads\rebroadcasting_in_vanet_v11\code\application\x64\debug\emulation_application.obj
c:\users\user\downloads\rebroadcasting_in_vanet_v11\code\application\x64\debug\encryption.obj
c:\users\user\downloads\rebroadcasting_in_vanet_v11\code\application\x64\debug\multicast.obj
c:\users\user\downloads\rebroadcasting_in_vanet_v11\code\application\x64\debug\randomnumber.obj
c:\users\user\downloads\rebroadcasting_in_vanet_v11\code\application\x64\debug\rebroadcast.obj
c:\users\user\downloads\rebroadcasting_in_vanet_v11\code\application\x64\debug\vc141.idb
c:\users\user\downloads\rebroadcasting_in_vanet_v11\code\application\x64\debug\vc141.pdb
c:\users\user\downloads\rebroadcasting_in_vanet_v11\code\application\..\dll\libapplication.dll
c:\users\user\downloads\rebroadcasting_in_vanet_v11\code\application\x64\debug\application.tlog\application.write.1u.tlog
c:\users\user\downloads\rebroadcasting_in_vanet_v11\code\application\x64\debug\application.tlog\cl.command.1.tlog
c:\users\user\downloads\rebroadcasting_in_vanet_v11\code\application\x64\debug\application.tlog\cl.read.1.tlog
c:\users\user\downloads\rebroadcasting_in_vanet_v11\code\application\x64\debug\application.tlog\cl.write.1.tlog
c:\users\user\downloads\rebroadcasting_in_vanet_v11\code\application\x64\debug\application.tlog\link.command.1.tlog
c:\users\user\downloads\rebroadcasting_in_vanet_v11\code\application\x64\debug\application.tlog\link.read.1.tlog
c:\users\user\downloads\rebroadcasting_in_vanet_v11\code\application\x64\debug\application.tlog\link.write.1.tlog
