C:\Program Files (x86)\Microsoft Visual Studio\2017\Community\Common7\IDE\VC\VCTargets\Microsoft.CppBuild.targets(377,5): warning MSB8004: Output Directory does not end with a trailing slash.  This build instance will add the slash as it is required to allow proper evaluation of the Output Directory.
  DNS.c
  ICMP.c
c:\users\soniya\desktop\r_v11\ip\icmp.c(587): warning C4101: 'j': unreferenced local variable
c:\users\soniya\desktop\r_v11\ip\icmp.c(587): warning C4101: 'i': unreferenced local variable
  IGMP.c
  IGMP_Host.c
  IGMP_Msg.c
  IGMP_Router.c
  IP.c
c:\users\soniya\desktop\r_v11\ip\ip.c(19): fatal error C1083: Cannot open include file: '../Firewall/Firewall.h': No such file or directory
  IP_Routing.c
c:\users\soniya\desktop\r_v11\ip\ip_routing.c(19): fatal error C1083: Cannot open include file: '../Firewall/Firewall.h': No such file or directory
  IP_Utility.c
  Multicast.c
  NAT.c
  PIM_Config.c
  PIM_Group.c
  PIM_Hello.c
  PIM_Join.c
  PIM_Msg.c
  PIM_Neighbor.c
  PIM_Print.c
  PIM_Route.c
  PIM_Route_Msg.c
  Generating Code...
  Compiling...
  PIM_SM.c
  VPN.c
c:\users\soniya\desktop\r_v11\ip\vpn.c(205): warning Msg: fn_NetSim_IP_VPN_GetIPFromServer needs to be implemented for IPV6
c:\users\soniya\desktop\r_v11\ip\vpn.c(326): warning C4028: formal parameter 1 different from declaration
  Generating Code...
