C:\Program Files (x86)\Microsoft Visual Studio\2017\Community\Common7\IDE\VC\VCTargets\Microsoft.CppBuild.targets(377,5): warning MSB8004: Output Directory does not end with a trailing slash.  This build instance will add the slash as it is required to allow proper evaluation of the Output Directory.
  aes.c
  aes_run.c
  Application.c
f:\v11.1_project\rebroadcasting_in_netsim_v11.1\32-bit\workspace_rebroadcasting\src\simulation\application\application.c(751): warning C4013: 'encryptBlock' undefined; assuming extern returning int
f:\v11.1_project\rebroadcasting_in_netsim_v11.1\32-bit\workspace_rebroadcasting\src\simulation\application\application.c(753): warning C4013: 'aes256' undefined; assuming extern returning int
f:\v11.1_project\rebroadcasting_in_netsim_v11.1\32-bit\workspace_rebroadcasting\src\simulation\application\application.c(755): warning C4013: 'des' undefined; assuming extern returning int
  BSM.c
  CoAP.c
  Database_FTP_Custom.c
  des.c
  des_run.c
  Distribution.c
  Emulation_application.c
  Encryption.c
  Multicast.c
  RandomNumber.c
  ReBroadcast.c
  Generating Code...
C:\Program Files (x86)\Microsoft Visual Studio\2017\Community\Common7\IDE\VC\VCTargets\Microsoft.CppBuild.targets(1216,5): warning MSB8012: TargetPath(F:\v11.1_Project\Rebroadcasting_in_NetSim_v11.1\32-bit\WorkSpace_Rebroadcasting\src\Simulation\Application\..\..\..\bin\bin_x86\Application.dll) does not match the Linker's OutputFile property value (F:\v11.1_Project\Rebroadcasting_in_NetSim_v11.1\32-bit\WorkSpace_Rebroadcasting\bin\bin_x86\libApplication.dll). This may cause your project to build incorrectly. To correct this, please make sure that $(OutDir), $(TargetName) and $(TargetExt) property values match the value specified in %(Link.OutputFile).
C:\Program Files (x86)\Microsoft Visual Studio\2017\Community\Common7\IDE\VC\VCTargets\Microsoft.CppBuild.targets(1218,5): warning MSB8012: TargetName(Application) does not match the Linker's OutputFile property value (libApplication). This may cause your project to build incorrectly. To correct this, please make sure that $(OutDir), $(TargetName) and $(TargetExt) property values match the value specified in %(Link.OutputFile).
aes.obj : warning LNK4075: ignoring '/EDITANDCONTINUE' due to '/INCREMENTAL:NO' specification
  Application.lib(HTTP.obj) : MSIL .netmodule or module compiled with /GL found; restarting link with /LTCG; add /LTCG to the link command line to improve linker performance
aes.obj : warning LNK4075: ignoring '/EDITANDCONTINUE' due to '/INCREMENTAL:NO' specification
     Creating library ..\..\..\bin\bin_x86\Application.lib and object ..\..\..\bin\bin_x86\Application.exp
LINK : warning LNK4098: defaultlib 'MSVCRT' conflicts with use of other libs; use /NODEFAULTLIB:library
  Generating code
  Finished generating code
Application.lib(HTTP.obj) : warning LNK4099: PDB 'ApplicationLib.pdb' was not found with 'Application.lib(HTTP.obj)' or at 'F:\v11.1_Project\Rebroadcasting_in_NetSim_v11.1\32-bit\WorkSpace_Rebroadcasting\bin\bin_x86\ApplicationLib.pdb'; linking object as if no debug info
Application.lib(Video.obj) : warning LNK4099: PDB 'ApplicationLib.pdb' was not found with 'Application.lib(Video.obj)' or at 'F:\v11.1_Project\Rebroadcasting_in_NetSim_v11.1\32-bit\WorkSpace_Rebroadcasting\bin\bin_x86\ApplicationLib.pdb'; linking object as if no debug info
Application.lib(Voice.obj) : warning LNK4099: PDB 'ApplicationLib.pdb' was not found with 'Application.lib(Voice.obj)' or at 'F:\v11.1_Project\Rebroadcasting_in_NetSim_v11.1\32-bit\WorkSpace_Rebroadcasting\bin\bin_x86\ApplicationLib.pdb'; linking object as if no debug info
Application.lib(P2P.obj) : warning LNK4099: PDB 'ApplicationLib.pdb' was not found with 'Application.lib(P2P.obj)' or at 'F:\v11.1_Project\Rebroadcasting_in_NetSim_v11.1\32-bit\WorkSpace_Rebroadcasting\bin\bin_x86\ApplicationLib.pdb'; linking object as if no debug info
Application.lib(Email.obj) : warning LNK4099: PDB 'ApplicationLib.pdb' was not found with 'Application.lib(Email.obj)' or at 'F:\v11.1_Project\Rebroadcasting_in_NetSim_v11.1\32-bit\WorkSpace_Rebroadcasting\bin\bin_x86\ApplicationLib.pdb'; linking object as if no debug info
Application.lib(ErlangCall.obj) : warning LNK4099: PDB 'ApplicationLib.pdb' was not found with 'Application.lib(ErlangCall.obj)' or at 'F:\v11.1_Project\Rebroadcasting_in_NetSim_v11.1\32-bit\WorkSpace_Rebroadcasting\bin\bin_x86\ApplicationLib.pdb'; linking object as if no debug info
Application.lib(libApplication.obj) : warning LNK4099: PDB 'ApplicationLib.pdb' was not found with 'Application.lib(libApplication.obj)' or at 'F:\v11.1_Project\Rebroadcasting_in_NetSim_v11.1\32-bit\WorkSpace_Rebroadcasting\bin\bin_x86\ApplicationLib.pdb'; linking object as if no debug info
Application.lib(App_Metrics.obj) : warning LNK4099: PDB 'ApplicationLib.pdb' was not found with 'Application.lib(App_Metrics.obj)' or at 'F:\v11.1_Project\Rebroadcasting_in_NetSim_v11.1\32-bit\WorkSpace_Rebroadcasting\bin\bin_x86\ApplicationLib.pdb'; linking object as if no debug info
list.lib(List.obj) : warning LNK4099: PDB 'List.pdb' was not found with 'list.lib(List.obj)' or at 'F:\v11.1_Project\Rebroadcasting_in_NetSim_v11.1\32-bit\WorkSpace_Rebroadcasting\bin\bin_x86\List.pdb'; linking object as if no debug info
IP.lib(IPLib.obj) : warning LNK4099: PDB 'IPLib.pdb' was not found with 'IP.lib(IPLib.obj)' or at 'F:\v11.1_Project\Rebroadcasting_in_NetSim_v11.1\32-bit\WorkSpace_Rebroadcasting\bin\bin_x86\IPLib.pdb'; linking object as if no debug info
  Application.vcxproj -> F:\v11.1_Project\Rebroadcasting_in_NetSim_v11.1\32-bit\WorkSpace_Rebroadcasting\src\Simulation\Application\..\..\..\bin\bin_x86\Application.dll
