c:\users\user\downloads\rebroadcasting_in_vanet_v11\32bit\code\dll\application.lib
c:\users\user\downloads\rebroadcasting_in_vanet_v11\32bit\code\dll\application.exp
c:\users\user\downloads\rebroadcasting_in_vanet_v11\32bit\code\application\debug\vc141.pdb
c:\users\user\downloads\rebroadcasting_in_vanet_v11\32bit\code\application\debug\vc141.idb
c:\users\user\downloads\rebroadcasting_in_vanet_v11\32bit\code\application\debug\rebroadcast.obj
c:\users\user\downloads\rebroadcasting_in_vanet_v11\32bit\code\application\debug\randomnumber.obj
c:\users\user\downloads\rebroadcasting_in_vanet_v11\32bit\code\application\debug\multicast.obj
c:\users\user\downloads\rebroadcasting_in_vanet_v11\32bit\code\application\debug\encryption.obj
c:\users\user\downloads\rebroadcasting_in_vanet_v11\32bit\code\application\debug\emulation_application.obj
c:\users\user\downloads\rebroadcasting_in_vanet_v11\32bit\code\application\debug\distribution.obj
c:\users\user\downloads\rebroadcasting_in_vanet_v11\32bit\code\application\debug\des_run.obj
c:\users\user\downloads\rebroadcasting_in_vanet_v11\32bit\code\application\debug\des.obj
c:\users\user\downloads\rebroadcasting_in_vanet_v11\32bit\code\application\debug\database_ftp_custom.obj
c:\users\user\downloads\rebroadcasting_in_vanet_v11\32bit\code\application\debug\coap.obj
c:\users\user\downloads\rebroadcasting_in_vanet_v11\32bit\code\application\debug\bsm.obj
c:\users\user\downloads\rebroadcasting_in_vanet_v11\32bit\code\application\debug\application.obj
c:\users\user\downloads\rebroadcasting_in_vanet_v11\32bit\code\application\debug\aes_run.obj
c:\users\user\downloads\rebroadcasting_in_vanet_v11\32bit\code\application\debug\aes.obj
c:\users\user\downloads\rebroadcasting_in_vanet_v11\32bit\code\dll\libapplication.dll
c:\users\user\downloads\rebroadcasting_in_vanet_v11\32bit\code\dll\application.pdb
f:\v11.1_project\rebroadcasting_in_netsim_v11.1\32-bit\workspace_rebroadcasting\src\simulation\application\debug\aes.obj
f:\v11.1_project\rebroadcasting_in_netsim_v11.1\32-bit\workspace_rebroadcasting\src\simulation\application\debug\aes_run.obj
f:\v11.1_project\rebroadcasting_in_netsim_v11.1\32-bit\workspace_rebroadcasting\src\simulation\application\debug\application.obj
f:\v11.1_project\rebroadcasting_in_netsim_v11.1\32-bit\workspace_rebroadcasting\src\simulation\application\debug\bsm.obj
f:\v11.1_project\rebroadcasting_in_netsim_v11.1\32-bit\workspace_rebroadcasting\src\simulation\application\debug\coap.obj
f:\v11.1_project\rebroadcasting_in_netsim_v11.1\32-bit\workspace_rebroadcasting\src\simulation\application\debug\database_ftp_custom.obj
f:\v11.1_project\rebroadcasting_in_netsim_v11.1\32-bit\workspace_rebroadcasting\src\simulation\application\debug\des.obj
f:\v11.1_project\rebroadcasting_in_netsim_v11.1\32-bit\workspace_rebroadcasting\src\simulation\application\debug\des_run.obj
f:\v11.1_project\rebroadcasting_in_netsim_v11.1\32-bit\workspace_rebroadcasting\src\simulation\application\debug\distribution.obj
f:\v11.1_project\rebroadcasting_in_netsim_v11.1\32-bit\workspace_rebroadcasting\src\simulation\application\debug\emulation_application.obj
f:\v11.1_project\rebroadcasting_in_netsim_v11.1\32-bit\workspace_rebroadcasting\src\simulation\application\debug\encryption.obj
f:\v11.1_project\rebroadcasting_in_netsim_v11.1\32-bit\workspace_rebroadcasting\src\simulation\application\debug\multicast.obj
f:\v11.1_project\rebroadcasting_in_netsim_v11.1\32-bit\workspace_rebroadcasting\src\simulation\application\debug\randomnumber.obj
f:\v11.1_project\rebroadcasting_in_netsim_v11.1\32-bit\workspace_rebroadcasting\src\simulation\application\debug\rebroadcast.obj
f:\v11.1_project\rebroadcasting_in_netsim_v11.1\32-bit\workspace_rebroadcasting\src\simulation\application\debug\vc141.idb
f:\v11.1_project\rebroadcasting_in_netsim_v11.1\32-bit\workspace_rebroadcasting\src\simulation\application\debug\vc141.pdb
f:\v11.1_project\rebroadcasting_in_netsim_v11.1\32-bit\workspace_rebroadcasting\src\simulation\application\debug\application.tlog\application.write.1u.tlog
f:\v11.1_project\rebroadcasting_in_netsim_v11.1\32-bit\workspace_rebroadcasting\src\simulation\application\debug\application.tlog\cl.command.1.tlog
f:\v11.1_project\rebroadcasting_in_netsim_v11.1\32-bit\workspace_rebroadcasting\src\simulation\application\debug\application.tlog\cl.read.1.tlog
f:\v11.1_project\rebroadcasting_in_netsim_v11.1\32-bit\workspace_rebroadcasting\src\simulation\application\debug\application.tlog\cl.write.1.tlog
f:\v11.1_project\rebroadcasting_in_netsim_v11.1\32-bit\workspace_rebroadcasting\src\simulation\application\debug\application.tlog\link.command.1.tlog
f:\v11.1_project\rebroadcasting_in_netsim_v11.1\32-bit\workspace_rebroadcasting\src\simulation\application\debug\application.tlog\link.read.1.tlog
f:\v11.1_project\rebroadcasting_in_netsim_v11.1\32-bit\workspace_rebroadcasting\src\simulation\application\debug\application.tlog\link.write.1.tlog
